
 /----------------------------------------------------------------------------\
 |  yosys -- Yosys Open SYnthesis Suite                                       |
 |  Copyright (C) 2012 - 2025  Claire Xenia Wolf <claire@yosyshq.com>         |
 |  Distributed under an ISC-like license, type "license" to see terms        |
 \----------------------------------------------------------------------------/
 Yosys 0.55+112 (git sha1 bf9aaac0f, clang++ 18.1.3 -fPIC -O3)

-- Executing script file `scripts/synth_enhanced_50tops.tcl' --

1. Executing Verilog-2005 frontend: tech/14nm_finfet/tech_lib.v
Parsing Verilog input from `tech/14nm_finfet/tech_lib.v' to AST representation.
Generating RTLIL representation for module `\NAND2_X1'.
Generating RTLIL representation for module `\NOR2_X1'.
Generating RTLIL representation for module `\INV_X1'.
Generating RTLIL representation for module `\AND2_X1'.
Generating RTLIL representation for module `\OR2_X1'.
Generating RTLIL representation for module `\XOR2_X1'.
Generating RTLIL representation for module `\DFF_X1'.
Generating RTLIL representation for module `\DFF_X2'.
Generating RTLIL representation for module `\DFF_PG'.
Generating RTLIL representation for module `\DFF_CG'.
Generating RTLIL representation for module `\MULT_LP'.
Generating RTLIL representation for module `\ADD_HE'.
Successfully finished Verilog frontend.

2. Executing Verilog-2005 frontend: rtl/sparsity/sparsity_engine.v
Parsing Verilog input from `rtl/sparsity/sparsity_engine.v' to AST representation.
Generating RTLIL representation for module `\sparsity_engine'.
Warning: reg '\sparse_pattern' is assigned in a continuous assignment at rtl/sparsity/sparsity_engine.v:65.16-65.75.
Warning: reg '\sparse_pattern' is assigned in a continuous assignment at rtl/sparsity/sparsity_engine.v:65.16-65.75.
Warning: reg '\sparse_pattern' is assigned in a continuous assignment at rtl/sparsity/sparsity_engine.v:65.16-65.75.
Warning: reg '\sparse_pattern' is assigned in a continuous assignment at rtl/sparsity/sparsity_engine.v:65.16-65.75.
Warning: reg '\sparse_pattern' is assigned in a continuous assignment at rtl/sparsity/sparsity_engine.v:65.16-65.75.
Warning: reg '\sparse_pattern' is assigned in a continuous assignment at rtl/sparsity/sparsity_engine.v:65.16-65.75.
Warning: reg '\sparse_pattern' is assigned in a continuous assignment at rtl/sparsity/sparsity_engine.v:65.16-65.75.
Warning: reg '\sparse_pattern' is assigned in a continuous assignment at rtl/sparsity/sparsity_engine.v:65.16-65.75.
Warning: reg '\sparse_pattern' is assigned in a continuous assignment at rtl/sparsity/sparsity_engine.v:65.16-65.75.
Warning: reg '\sparse_pattern' is assigned in a continuous assignment at rtl/sparsity/sparsity_engine.v:65.16-65.75.
Warning: reg '\sparse_pattern' is assigned in a continuous assignment at rtl/sparsity/sparsity_engine.v:65.16-65.75.
Warning: reg '\sparse_pattern' is assigned in a continuous assignment at rtl/sparsity/sparsity_engine.v:65.16-65.75.
Warning: reg '\sparse_pattern' is assigned in a continuous assignment at rtl/sparsity/sparsity_engine.v:65.16-65.75.
Warning: reg '\sparse_pattern' is assigned in a continuous assignment at rtl/sparsity/sparsity_engine.v:65.16-65.75.
Warning: reg '\sparse_pattern' is assigned in a continuous assignment at rtl/sparsity/sparsity_engine.v:65.16-65.75.
Warning: reg '\sparse_pattern' is assigned in a continuous assignment at rtl/sparsity/sparsity_engine.v:65.16-65.75.
Warning: reg '\sparse_pattern' is assigned in a continuous assignment at rtl/sparsity/sparsity_engine.v:65.16-65.75.
Warning: reg '\sparse_pattern' is assigned in a continuous assignment at rtl/sparsity/sparsity_engine.v:65.16-65.75.
Warning: reg '\sparse_pattern' is assigned in a continuous assignment at rtl/sparsity/sparsity_engine.v:65.16-65.75.
Warning: reg '\sparse_pattern' is assigned in a continuous assignment at rtl/sparsity/sparsity_engine.v:65.16-65.75.
Warning: reg '\sparse_pattern' is assigned in a continuous assignment at rtl/sparsity/sparsity_engine.v:65.16-65.75.
Warning: reg '\sparse_pattern' is assigned in a continuous assignment at rtl/sparsity/sparsity_engine.v:65.16-65.75.
Warning: reg '\sparse_pattern' is assigned in a continuous assignment at rtl/sparsity/sparsity_engine.v:65.16-65.75.
Warning: reg '\sparse_pattern' is assigned in a continuous assignment at rtl/sparsity/sparsity_engine.v:65.16-65.75.
Warning: reg '\sparse_pattern' is assigned in a continuous assignment at rtl/sparsity/sparsity_engine.v:65.16-65.75.
Warning: reg '\sparse_pattern' is assigned in a continuous assignment at rtl/sparsity/sparsity_engine.v:65.16-65.75.
Warning: reg '\sparse_pattern' is assigned in a continuous assignment at rtl/sparsity/sparsity_engine.v:65.16-65.75.
Warning: reg '\sparse_pattern' is assigned in a continuous assignment at rtl/sparsity/sparsity_engine.v:65.16-65.75.
Warning: reg '\sparse_pattern' is assigned in a continuous assignment at rtl/sparsity/sparsity_engine.v:65.16-65.75.
Warning: reg '\sparse_pattern' is assigned in a continuous assignment at rtl/sparsity/sparsity_engine.v:65.16-65.75.
Warning: reg '\sparse_pattern' is assigned in a continuous assignment at rtl/sparsity/sparsity_engine.v:65.16-65.75.
Warning: reg '\sparse_pattern' is assigned in a continuous assignment at rtl/sparsity/sparsity_engine.v:65.16-65.75.
Warning: reg '\sparse_pattern' is assigned in a continuous assignment at rtl/sparsity/sparsity_engine.v:65.16-65.75.
Warning: reg '\sparse_pattern' is assigned in a continuous assignment at rtl/sparsity/sparsity_engine.v:65.16-65.75.
Warning: reg '\sparse_pattern' is assigned in a continuous assignment at rtl/sparsity/sparsity_engine.v:65.16-65.75.
Warning: reg '\sparse_pattern' is assigned in a continuous assignment at rtl/sparsity/sparsity_engine.v:65.16-65.75.
Warning: reg '\sparse_pattern' is assigned in a continuous assignment at rtl/sparsity/sparsity_engine.v:65.16-65.75.
Warning: reg '\sparse_pattern' is assigned in a continuous assignment at rtl/sparsity/sparsity_engine.v:65.16-65.75.
Warning: reg '\sparse_pattern' is assigned in a continuous assignment at rtl/sparsity/sparsity_engine.v:65.16-65.75.
Warning: reg '\sparse_pattern' is assigned in a continuous assignment at rtl/sparsity/sparsity_engine.v:65.16-65.75.
Warning: reg '\sparse_pattern' is assigned in a continuous assignment at rtl/sparsity/sparsity_engine.v:65.16-65.75.
Warning: reg '\sparse_pattern' is assigned in a continuous assignment at rtl/sparsity/sparsity_engine.v:65.16-65.75.
Warning: reg '\sparse_pattern' is assigned in a continuous assignment at rtl/sparsity/sparsity_engine.v:65.16-65.75.
Warning: reg '\sparse_pattern' is assigned in a continuous assignment at rtl/sparsity/sparsity_engine.v:65.16-65.75.
Warning: reg '\sparse_pattern' is assigned in a continuous assignment at rtl/sparsity/sparsity_engine.v:65.16-65.75.
Warning: reg '\sparse_pattern' is assigned in a continuous assignment at rtl/sparsity/sparsity_engine.v:65.16-65.75.
Warning: reg '\sparse_pattern' is assigned in a continuous assignment at rtl/sparsity/sparsity_engine.v:65.16-65.75.
Warning: reg '\sparse_pattern' is assigned in a continuous assignment at rtl/sparsity/sparsity_engine.v:65.16-65.75.
Warning: reg '\sparse_pattern' is assigned in a continuous assignment at rtl/sparsity/sparsity_engine.v:65.16-65.75.
Warning: reg '\sparse_pattern' is assigned in a continuous assignment at rtl/sparsity/sparsity_engine.v:65.16-65.75.
Warning: reg '\sparse_pattern' is assigned in a continuous assignment at rtl/sparsity/sparsity_engine.v:65.16-65.75.
Warning: reg '\sparse_pattern' is assigned in a continuous assignment at rtl/sparsity/sparsity_engine.v:65.16-65.75.
Warning: reg '\sparse_pattern' is assigned in a continuous assignment at rtl/sparsity/sparsity_engine.v:65.16-65.75.
Warning: reg '\sparse_pattern' is assigned in a continuous assignment at rtl/sparsity/sparsity_engine.v:65.16-65.75.
Warning: reg '\sparse_pattern' is assigned in a continuous assignment at rtl/sparsity/sparsity_engine.v:65.16-65.75.
Warning: reg '\sparse_pattern' is assigned in a continuous assignment at rtl/sparsity/sparsity_engine.v:65.16-65.75.
Warning: reg '\sparse_pattern' is assigned in a continuous assignment at rtl/sparsity/sparsity_engine.v:65.16-65.75.
Warning: reg '\sparse_pattern' is assigned in a continuous assignment at rtl/sparsity/sparsity_engine.v:65.16-65.75.
Warning: reg '\sparse_pattern' is assigned in a continuous assignment at rtl/sparsity/sparsity_engine.v:65.16-65.75.
Warning: reg '\sparse_pattern' is assigned in a continuous assignment at rtl/sparsity/sparsity_engine.v:65.16-65.75.
Warning: reg '\sparse_pattern' is assigned in a continuous assignment at rtl/sparsity/sparsity_engine.v:65.16-65.75.
Warning: reg '\sparse_pattern' is assigned in a continuous assignment at rtl/sparsity/sparsity_engine.v:65.16-65.75.
Warning: reg '\sparse_pattern' is assigned in a continuous assignment at rtl/sparsity/sparsity_engine.v:65.16-65.75.
Warning: reg '\sparse_pattern' is assigned in a continuous assignment at rtl/sparsity/sparsity_engine.v:65.16-65.75.
Warning: reg '\sparse_pattern' is assigned in a continuous assignment at rtl/sparsity/sparsity_engine.v:65.16-65.75.
Warning: reg '\sparse_pattern' is assigned in a continuous assignment at rtl/sparsity/sparsity_engine.v:65.16-65.75.
Warning: reg '\sparse_pattern' is assigned in a continuous assignment at rtl/sparsity/sparsity_engine.v:65.16-65.75.
Warning: reg '\sparse_pattern' is assigned in a continuous assignment at rtl/sparsity/sparsity_engine.v:65.16-65.75.
Warning: reg '\sparse_pattern' is assigned in a continuous assignment at rtl/sparsity/sparsity_engine.v:65.16-65.75.
Warning: reg '\sparse_pattern' is assigned in a continuous assignment at rtl/sparsity/sparsity_engine.v:65.16-65.75.
Warning: reg '\sparse_pattern' is assigned in a continuous assignment at rtl/sparsity/sparsity_engine.v:65.16-65.75.
Warning: reg '\sparse_pattern' is assigned in a continuous assignment at rtl/sparsity/sparsity_engine.v:65.16-65.75.
Warning: reg '\sparse_pattern' is assigned in a continuous assignment at rtl/sparsity/sparsity_engine.v:65.16-65.75.
Warning: reg '\sparse_pattern' is assigned in a continuous assignment at rtl/sparsity/sparsity_engine.v:65.16-65.75.
Warning: reg '\sparse_pattern' is assigned in a continuous assignment at rtl/sparsity/sparsity_engine.v:65.16-65.75.
Warning: reg '\sparse_pattern' is assigned in a continuous assignment at rtl/sparsity/sparsity_engine.v:65.16-65.75.
Warning: reg '\sparse_pattern' is assigned in a continuous assignment at rtl/sparsity/sparsity_engine.v:65.16-65.75.
Warning: reg '\sparse_pattern' is assigned in a continuous assignment at rtl/sparsity/sparsity_engine.v:65.16-65.75.
Warning: reg '\sparse_pattern' is assigned in a continuous assignment at rtl/sparsity/sparsity_engine.v:65.16-65.75.
Warning: reg '\sparse_pattern' is assigned in a continuous assignment at rtl/sparsity/sparsity_engine.v:65.16-65.75.
Warning: reg '\sparse_pattern' is assigned in a continuous assignment at rtl/sparsity/sparsity_engine.v:65.16-65.75.
Warning: reg '\sparse_pattern' is assigned in a continuous assignment at rtl/sparsity/sparsity_engine.v:65.16-65.75.
Warning: reg '\sparse_pattern' is assigned in a continuous assignment at rtl/sparsity/sparsity_engine.v:65.16-65.75.
Warning: reg '\sparse_pattern' is assigned in a continuous assignment at rtl/sparsity/sparsity_engine.v:65.16-65.75.
Warning: reg '\sparse_pattern' is assigned in a continuous assignment at rtl/sparsity/sparsity_engine.v:65.16-65.75.
Warning: reg '\sparse_pattern' is assigned in a continuous assignment at rtl/sparsity/sparsity_engine.v:65.16-65.75.
Warning: reg '\sparse_pattern' is assigned in a continuous assignment at rtl/sparsity/sparsity_engine.v:65.16-65.75.
Warning: reg '\sparse_pattern' is assigned in a continuous assignment at rtl/sparsity/sparsity_engine.v:65.16-65.75.
Warning: reg '\sparse_pattern' is assigned in a continuous assignment at rtl/sparsity/sparsity_engine.v:65.16-65.75.
Warning: reg '\sparse_pattern' is assigned in a continuous assignment at rtl/sparsity/sparsity_engine.v:65.16-65.75.
Warning: reg '\sparse_pattern' is assigned in a continuous assignment at rtl/sparsity/sparsity_engine.v:65.16-65.75.
Warning: reg '\sparse_pattern' is assigned in a continuous assignment at rtl/sparsity/sparsity_engine.v:65.16-65.75.
Warning: reg '\sparse_pattern' is assigned in a continuous assignment at rtl/sparsity/sparsity_engine.v:65.16-65.75.
Warning: reg '\sparse_pattern' is assigned in a continuous assignment at rtl/sparsity/sparsity_engine.v:65.16-65.75.
Warning: reg '\sparse_pattern' is assigned in a continuous assignment at rtl/sparsity/sparsity_engine.v:65.16-65.75.
Warning: reg '\sparse_pattern' is assigned in a continuous assignment at rtl/sparsity/sparsity_engine.v:65.16-65.75.
Warning: reg '\sparse_pattern' is assigned in a continuous assignment at rtl/sparsity/sparsity_engine.v:65.16-65.75.
Warning: reg '\sparse_pattern' is assigned in a continuous assignment at rtl/sparsity/sparsity_engine.v:65.16-65.75.
Warning: reg '\sparse_pattern' is assigned in a continuous assignment at rtl/sparsity/sparsity_engine.v:65.16-65.75.
Warning: reg '\sparse_pattern' is assigned in a continuous assignment at rtl/sparsity/sparsity_engine.v:65.16-65.75.
Warning: reg '\sparse_pattern' is assigned in a continuous assignment at rtl/sparsity/sparsity_engine.v:65.16-65.75.
Warning: reg '\sparse_pattern' is assigned in a continuous assignment at rtl/sparsity/sparsity_engine.v:65.16-65.75.
Warning: reg '\sparse_pattern' is assigned in a continuous assignment at rtl/sparsity/sparsity_engine.v:65.16-65.75.
Warning: reg '\sparse_pattern' is assigned in a continuous assignment at rtl/sparsity/sparsity_engine.v:65.16-65.75.
Warning: reg '\sparse_pattern' is assigned in a continuous assignment at rtl/sparsity/sparsity_engine.v:65.16-65.75.
Warning: reg '\sparse_pattern' is assigned in a continuous assignment at rtl/sparsity/sparsity_engine.v:65.16-65.75.
Warning: reg '\sparse_pattern' is assigned in a continuous assignment at rtl/sparsity/sparsity_engine.v:65.16-65.75.
Warning: reg '\sparse_pattern' is assigned in a continuous assignment at rtl/sparsity/sparsity_engine.v:65.16-65.75.
Warning: reg '\sparse_pattern' is assigned in a continuous assignment at rtl/sparsity/sparsity_engine.v:65.16-65.75.
Warning: reg '\sparse_pattern' is assigned in a continuous assignment at rtl/sparsity/sparsity_engine.v:65.16-65.75.
Warning: reg '\sparse_pattern' is assigned in a continuous assignment at rtl/sparsity/sparsity_engine.v:65.16-65.75.
Warning: reg '\sparse_pattern' is assigned in a continuous assignment at rtl/sparsity/sparsity_engine.v:65.16-65.75.
Warning: reg '\sparse_pattern' is assigned in a continuous assignment at rtl/sparsity/sparsity_engine.v:65.16-65.75.
Warning: reg '\sparse_pattern' is assigned in a continuous assignment at rtl/sparsity/sparsity_engine.v:65.16-65.75.
Warning: reg '\sparse_pattern' is assigned in a continuous assignment at rtl/sparsity/sparsity_engine.v:65.16-65.75.
Warning: reg '\sparse_pattern' is assigned in a continuous assignment at rtl/sparsity/sparsity_engine.v:65.16-65.75.
Warning: reg '\sparse_pattern' is assigned in a continuous assignment at rtl/sparsity/sparsity_engine.v:65.16-65.75.
Warning: reg '\sparse_pattern' is assigned in a continuous assignment at rtl/sparsity/sparsity_engine.v:65.16-65.75.
Warning: reg '\sparse_pattern' is assigned in a continuous assignment at rtl/sparsity/sparsity_engine.v:65.16-65.75.
Warning: reg '\sparse_pattern' is assigned in a continuous assignment at rtl/sparsity/sparsity_engine.v:65.16-65.75.
Warning: reg '\sparse_pattern' is assigned in a continuous assignment at rtl/sparsity/sparsity_engine.v:65.16-65.75.
Warning: reg '\sparse_pattern' is assigned in a continuous assignment at rtl/sparsity/sparsity_engine.v:65.16-65.75.
Warning: reg '\sparse_pattern' is assigned in a continuous assignment at rtl/sparsity/sparsity_engine.v:65.16-65.75.
Warning: reg '\sparse_pattern' is assigned in a continuous assignment at rtl/sparsity/sparsity_engine.v:65.16-65.75.
Warning: reg '\sparse_pattern' is assigned in a continuous assignment at rtl/sparsity/sparsity_engine.v:65.16-65.75.
Warning: reg '\sparse_pattern' is assigned in a continuous assignment at rtl/sparsity/sparsity_engine.v:65.16-65.75.
Warning: reg '\sparse_pattern' is assigned in a continuous assignment at rtl/sparsity/sparsity_engine.v:65.16-65.75.
Warning: reg '\sparse_pattern' is assigned in a continuous assignment at rtl/sparsity/sparsity_engine.v:65.16-65.75.
Warning: reg '\sparse_pattern' is assigned in a continuous assignment at rtl/sparsity/sparsity_engine.v:65.16-65.75.
Warning: reg '\sparse_pattern' is assigned in a continuous assignment at rtl/sparsity/sparsity_engine.v:65.16-65.75.
Warning: reg '\sparse_pattern' is assigned in a continuous assignment at rtl/sparsity/sparsity_engine.v:65.16-65.75.
Warning: reg '\sparse_pattern' is assigned in a continuous assignment at rtl/sparsity/sparsity_engine.v:65.16-65.75.
Warning: reg '\sparse_pattern' is assigned in a continuous assignment at rtl/sparsity/sparsity_engine.v:65.16-65.75.
Warning: reg '\sparse_pattern' is assigned in a continuous assignment at rtl/sparsity/sparsity_engine.v:65.16-65.75.
Warning: reg '\sparse_pattern' is assigned in a continuous assignment at rtl/sparsity/sparsity_engine.v:65.16-65.75.
Warning: reg '\sparse_pattern' is assigned in a continuous assignment at rtl/sparsity/sparsity_engine.v:65.16-65.75.
Warning: reg '\sparse_pattern' is assigned in a continuous assignment at rtl/sparsity/sparsity_engine.v:65.16-65.75.
Warning: reg '\sparse_pattern' is assigned in a continuous assignment at rtl/sparsity/sparsity_engine.v:65.16-65.75.
Warning: reg '\sparse_pattern' is assigned in a continuous assignment at rtl/sparsity/sparsity_engine.v:65.16-65.75.
Warning: reg '\sparse_pattern' is assigned in a continuous assignment at rtl/sparsity/sparsity_engine.v:65.16-65.75.
Warning: reg '\sparse_pattern' is assigned in a continuous assignment at rtl/sparsity/sparsity_engine.v:65.16-65.75.
Warning: reg '\sparse_pattern' is assigned in a continuous assignment at rtl/sparsity/sparsity_engine.v:65.16-65.75.
Warning: reg '\sparse_pattern' is assigned in a continuous assignment at rtl/sparsity/sparsity_engine.v:65.16-65.75.
Warning: reg '\sparse_pattern' is assigned in a continuous assignment at rtl/sparsity/sparsity_engine.v:65.16-65.75.
Warning: reg '\sparse_pattern' is assigned in a continuous assignment at rtl/sparsity/sparsity_engine.v:65.16-65.75.
Warning: reg '\sparse_pattern' is assigned in a continuous assignment at rtl/sparsity/sparsity_engine.v:65.16-65.75.
Warning: reg '\sparse_pattern' is assigned in a continuous assignment at rtl/sparsity/sparsity_engine.v:65.16-65.75.
Warning: reg '\sparse_pattern' is assigned in a continuous assignment at rtl/sparsity/sparsity_engine.v:65.16-65.75.
Warning: reg '\sparse_pattern' is assigned in a continuous assignment at rtl/sparsity/sparsity_engine.v:65.16-65.75.
Warning: reg '\sparse_pattern' is assigned in a continuous assignment at rtl/sparsity/sparsity_engine.v:65.16-65.75.
Warning: reg '\sparse_pattern' is assigned in a continuous assignment at rtl/sparsity/sparsity_engine.v:65.16-65.75.
Warning: reg '\sparse_pattern' is assigned in a continuous assignment at rtl/sparsity/sparsity_engine.v:65.16-65.75.
Warning: reg '\sparse_pattern' is assigned in a continuous assignment at rtl/sparsity/sparsity_engine.v:65.16-65.75.
Warning: reg '\sparse_pattern' is assigned in a continuous assignment at rtl/sparsity/sparsity_engine.v:65.16-65.75.
Warning: reg '\sparse_pattern' is assigned in a continuous assignment at rtl/sparsity/sparsity_engine.v:65.16-65.75.
Warning: reg '\sparse_pattern' is assigned in a continuous assignment at rtl/sparsity/sparsity_engine.v:65.16-65.75.
Warning: reg '\sparse_pattern' is assigned in a continuous assignment at rtl/sparsity/sparsity_engine.v:65.16-65.75.
Warning: reg '\sparse_pattern' is assigned in a continuous assignment at rtl/sparsity/sparsity_engine.v:65.16-65.75.
Warning: reg '\sparse_pattern' is assigned in a continuous assignment at rtl/sparsity/sparsity_engine.v:65.16-65.75.
Warning: reg '\sparse_pattern' is assigned in a continuous assignment at rtl/sparsity/sparsity_engine.v:65.16-65.75.
Warning: reg '\sparse_pattern' is assigned in a continuous assignment at rtl/sparsity/sparsity_engine.v:65.16-65.75.
Warning: reg '\sparse_pattern' is assigned in a continuous assignment at rtl/sparsity/sparsity_engine.v:65.16-65.75.
Warning: reg '\sparse_pattern' is assigned in a continuous assignment at rtl/sparsity/sparsity_engine.v:65.16-65.75.
Warning: reg '\sparse_pattern' is assigned in a continuous assignment at rtl/sparsity/sparsity_engine.v:65.16-65.75.
Warning: reg '\sparse_pattern' is assigned in a continuous assignment at rtl/sparsity/sparsity_engine.v:65.16-65.75.
Warning: reg '\sparse_pattern' is assigned in a continuous assignment at rtl/sparsity/sparsity_engine.v:65.16-65.75.
Warning: reg '\sparse_pattern' is assigned in a continuous assignment at rtl/sparsity/sparsity_engine.v:65.16-65.75.
Warning: reg '\sparse_pattern' is assigned in a continuous assignment at rtl/sparsity/sparsity_engine.v:65.16-65.75.
Warning: reg '\sparse_pattern' is assigned in a continuous assignment at rtl/sparsity/sparsity_engine.v:65.16-65.75.
Warning: reg '\sparse_pattern' is assigned in a continuous assignment at rtl/sparsity/sparsity_engine.v:65.16-65.75.
Warning: reg '\sparse_pattern' is assigned in a continuous assignment at rtl/sparsity/sparsity_engine.v:65.16-65.75.
Warning: reg '\sparse_pattern' is assigned in a continuous assignment at rtl/sparsity/sparsity_engine.v:65.16-65.75.
Warning: reg '\sparse_pattern' is assigned in a continuous assignment at rtl/sparsity/sparsity_engine.v:65.16-65.75.
Warning: reg '\sparse_pattern' is assigned in a continuous assignment at rtl/sparsity/sparsity_engine.v:65.16-65.75.
Warning: reg '\sparse_pattern' is assigned in a continuous assignment at rtl/sparsity/sparsity_engine.v:65.16-65.75.
Warning: reg '\sparse_pattern' is assigned in a continuous assignment at rtl/sparsity/sparsity_engine.v:65.16-65.75.
Warning: reg '\sparse_pattern' is assigned in a continuous assignment at rtl/sparsity/sparsity_engine.v:65.16-65.75.
Warning: reg '\sparse_pattern' is assigned in a continuous assignment at rtl/sparsity/sparsity_engine.v:65.16-65.75.
Warning: reg '\sparse_pattern' is assigned in a continuous assignment at rtl/sparsity/sparsity_engine.v:65.16-65.75.
Warning: reg '\sparse_pattern' is assigned in a continuous assignment at rtl/sparsity/sparsity_engine.v:65.16-65.75.
Warning: reg '\sparse_pattern' is assigned in a continuous assignment at rtl/sparsity/sparsity_engine.v:65.16-65.75.
Warning: reg '\sparse_pattern' is assigned in a continuous assignment at rtl/sparsity/sparsity_engine.v:65.16-65.75.
Warning: reg '\sparse_pattern' is assigned in a continuous assignment at rtl/sparsity/sparsity_engine.v:65.16-65.75.
Warning: reg '\sparse_pattern' is assigned in a continuous assignment at rtl/sparsity/sparsity_engine.v:65.16-65.75.
Warning: reg '\sparse_pattern' is assigned in a continuous assignment at rtl/sparsity/sparsity_engine.v:65.16-65.75.
Warning: reg '\sparse_pattern' is assigned in a continuous assignment at rtl/sparsity/sparsity_engine.v:65.16-65.75.
Warning: reg '\sparse_pattern' is assigned in a continuous assignment at rtl/sparsity/sparsity_engine.v:65.16-65.75.
Warning: reg '\sparse_pattern' is assigned in a continuous assignment at rtl/sparsity/sparsity_engine.v:65.16-65.75.
Warning: reg '\sparse_pattern' is assigned in a continuous assignment at rtl/sparsity/sparsity_engine.v:65.16-65.75.
Warning: reg '\sparse_pattern' is assigned in a continuous assignment at rtl/sparsity/sparsity_engine.v:65.16-65.75.
Warning: reg '\sparse_pattern' is assigned in a continuous assignment at rtl/sparsity/sparsity_engine.v:65.16-65.75.
Warning: reg '\sparse_pattern' is assigned in a continuous assignment at rtl/sparsity/sparsity_engine.v:65.16-65.75.
Warning: reg '\sparse_pattern' is assigned in a continuous assignment at rtl/sparsity/sparsity_engine.v:65.16-65.75.
Warning: reg '\sparse_pattern' is assigned in a continuous assignment at rtl/sparsity/sparsity_engine.v:65.16-65.75.
Warning: reg '\sparse_pattern' is assigned in a continuous assignment at rtl/sparsity/sparsity_engine.v:65.16-65.75.
Warning: reg '\sparse_pattern' is assigned in a continuous assignment at rtl/sparsity/sparsity_engine.v:65.16-65.75.
Warning: reg '\sparse_pattern' is assigned in a continuous assignment at rtl/sparsity/sparsity_engine.v:65.16-65.75.
Warning: reg '\sparse_pattern' is assigned in a continuous assignment at rtl/sparsity/sparsity_engine.v:65.16-65.75.
Warning: reg '\sparse_pattern' is assigned in a continuous assignment at rtl/sparsity/sparsity_engine.v:65.16-65.75.
Warning: reg '\sparse_pattern' is assigned in a continuous assignment at rtl/sparsity/sparsity_engine.v:65.16-65.75.
Warning: reg '\sparse_pattern' is assigned in a continuous assignment at rtl/sparsity/sparsity_engine.v:65.16-65.75.
Warning: reg '\sparse_pattern' is assigned in a continuous assignment at rtl/sparsity/sparsity_engine.v:65.16-65.75.
Warning: reg '\sparse_pattern' is assigned in a continuous assignment at rtl/sparsity/sparsity_engine.v:65.16-65.75.
Warning: reg '\sparse_pattern' is assigned in a continuous assignment at rtl/sparsity/sparsity_engine.v:65.16-65.75.
Warning: reg '\sparse_pattern' is assigned in a continuous assignment at rtl/sparsity/sparsity_engine.v:65.16-65.75.
Warning: reg '\sparse_pattern' is assigned in a continuous assignment at rtl/sparsity/sparsity_engine.v:65.16-65.75.
Warning: reg '\sparse_pattern' is assigned in a continuous assignment at rtl/sparsity/sparsity_engine.v:65.16-65.75.
Warning: reg '\sparse_pattern' is assigned in a continuous assignment at rtl/sparsity/sparsity_engine.v:65.16-65.75.
Warning: reg '\sparse_pattern' is assigned in a continuous assignment at rtl/sparsity/sparsity_engine.v:65.16-65.75.
Warning: reg '\sparse_pattern' is assigned in a continuous assignment at rtl/sparsity/sparsity_engine.v:65.16-65.75.
Warning: reg '\sparse_pattern' is assigned in a continuous assignment at rtl/sparsity/sparsity_engine.v:65.16-65.75.
Warning: reg '\sparse_pattern' is assigned in a continuous assignment at rtl/sparsity/sparsity_engine.v:65.16-65.75.
Warning: reg '\sparse_pattern' is assigned in a continuous assignment at rtl/sparsity/sparsity_engine.v:65.16-65.75.
Warning: reg '\sparse_pattern' is assigned in a continuous assignment at rtl/sparsity/sparsity_engine.v:65.16-65.75.
Warning: reg '\sparse_pattern' is assigned in a continuous assignment at rtl/sparsity/sparsity_engine.v:65.16-65.75.
Warning: reg '\sparse_pattern' is assigned in a continuous assignment at rtl/sparsity/sparsity_engine.v:65.16-65.75.
Warning: reg '\sparse_pattern' is assigned in a continuous assignment at rtl/sparsity/sparsity_engine.v:65.16-65.75.
Warning: reg '\sparse_pattern' is assigned in a continuous assignment at rtl/sparsity/sparsity_engine.v:65.16-65.75.
Warning: reg '\sparse_pattern' is assigned in a continuous assignment at rtl/sparsity/sparsity_engine.v:65.16-65.75.
Warning: reg '\sparse_pattern' is assigned in a continuous assignment at rtl/sparsity/sparsity_engine.v:65.16-65.75.
Warning: reg '\sparse_pattern' is assigned in a continuous assignment at rtl/sparsity/sparsity_engine.v:65.16-65.75.
Warning: reg '\sparse_pattern' is assigned in a continuous assignment at rtl/sparsity/sparsity_engine.v:65.16-65.75.
Warning: reg '\sparse_pattern' is assigned in a continuous assignment at rtl/sparsity/sparsity_engine.v:65.16-65.75.
Warning: reg '\sparse_pattern' is assigned in a continuous assignment at rtl/sparsity/sparsity_engine.v:65.16-65.75.
Warning: reg '\sparse_pattern' is assigned in a continuous assignment at rtl/sparsity/sparsity_engine.v:65.16-65.75.
Warning: reg '\sparse_pattern' is assigned in a continuous assignment at rtl/sparsity/sparsity_engine.v:65.16-65.75.
Warning: reg '\sparse_pattern' is assigned in a continuous assignment at rtl/sparsity/sparsity_engine.v:65.16-65.75.
Warning: reg '\sparse_pattern' is assigned in a continuous assignment at rtl/sparsity/sparsity_engine.v:65.16-65.75.
Warning: reg '\sparse_pattern' is assigned in a continuous assignment at rtl/sparsity/sparsity_engine.v:65.16-65.75.
Warning: reg '\sparse_pattern' is assigned in a continuous assignment at rtl/sparsity/sparsity_engine.v:65.16-65.75.
Warning: reg '\sparse_pattern' is assigned in a continuous assignment at rtl/sparsity/sparsity_engine.v:65.16-65.75.
Warning: reg '\sparse_pattern' is assigned in a continuous assignment at rtl/sparsity/sparsity_engine.v:65.16-65.75.
Warning: reg '\sparse_pattern' is assigned in a continuous assignment at rtl/sparsity/sparsity_engine.v:65.16-65.75.
Warning: reg '\sparse_pattern' is assigned in a continuous assignment at rtl/sparsity/sparsity_engine.v:65.16-65.75.
Warning: reg '\sparse_pattern' is assigned in a continuous assignment at rtl/sparsity/sparsity_engine.v:65.16-65.75.
Warning: reg '\sparse_pattern' is assigned in a continuous assignment at rtl/sparsity/sparsity_engine.v:65.16-65.75.
Warning: reg '\sparse_pattern' is assigned in a continuous assignment at rtl/sparsity/sparsity_engine.v:65.16-65.75.
Warning: reg '\sparse_pattern' is assigned in a continuous assignment at rtl/sparsity/sparsity_engine.v:65.16-65.75.
Warning: reg '\sparse_pattern' is assigned in a continuous assignment at rtl/sparsity/sparsity_engine.v:65.16-65.75.
Warning: reg '\sparse_pattern' is assigned in a continuous assignment at rtl/sparsity/sparsity_engine.v:65.16-65.75.
Warning: reg '\sparse_pattern' is assigned in a continuous assignment at rtl/sparsity/sparsity_engine.v:65.16-65.75.
Warning: reg '\sparse_pattern' is assigned in a continuous assignment at rtl/sparsity/sparsity_engine.v:65.16-65.75.
Warning: reg '\sparse_pattern' is assigned in a continuous assignment at rtl/sparsity/sparsity_engine.v:65.16-65.75.
Warning: reg '\sparse_pattern' is assigned in a continuous assignment at rtl/sparsity/sparsity_engine.v:65.16-65.75.
Warning: reg '\sparse_pattern' is assigned in a continuous assignment at rtl/sparsity/sparsity_engine.v:65.16-65.75.
Warning: reg '\sparse_pattern' is assigned in a continuous assignment at rtl/sparsity/sparsity_engine.v:65.16-65.75.
Warning: reg '\sparse_pattern' is assigned in a continuous assignment at rtl/sparsity/sparsity_engine.v:65.16-65.75.
Warning: reg '\sparse_pattern' is assigned in a continuous assignment at rtl/sparsity/sparsity_engine.v:65.16-65.75.
Warning: reg '\sparse_pattern' is assigned in a continuous assignment at rtl/sparsity/sparsity_engine.v:65.16-65.75.
Warning: reg '\sparse_pattern' is assigned in a continuous assignment at rtl/sparsity/sparsity_engine.v:65.16-65.75.
Warning: reg '\sparse_pattern' is assigned in a continuous assignment at rtl/sparsity/sparsity_engine.v:65.16-65.75.
Warning: reg '\sparse_pattern' is assigned in a continuous assignment at rtl/sparsity/sparsity_engine.v:65.16-65.75.
Warning: reg '\sparse_pattern' is assigned in a continuous assignment at rtl/sparsity/sparsity_engine.v:65.16-65.75.
Warning: reg '\sparse_pattern' is assigned in a continuous assignment at rtl/sparsity/sparsity_engine.v:65.16-65.75.
Warning: reg '\sparse_pattern' is assigned in a continuous assignment at rtl/sparsity/sparsity_engine.v:65.16-65.75.
Warning: reg '\sparse_pattern' is assigned in a continuous assignment at rtl/sparsity/sparsity_engine.v:65.16-65.75.
Warning: reg '\sparse_pattern' is assigned in a continuous assignment at rtl/sparsity/sparsity_engine.v:65.16-65.75.
Warning: reg '\sparse_pattern' is assigned in a continuous assignment at rtl/sparsity/sparsity_engine.v:65.16-65.75.
Warning: reg '\sparse_pattern' is assigned in a continuous assignment at rtl/sparsity/sparsity_engine.v:65.16-65.75.
Warning: reg '\sparse_pattern' is assigned in a continuous assignment at rtl/sparsity/sparsity_engine.v:65.16-65.75.
Warning: reg '\sparse_pattern' is assigned in a continuous assignment at rtl/sparsity/sparsity_engine.v:65.16-65.75.
Warning: reg '\sparse_pattern' is assigned in a continuous assignment at rtl/sparsity/sparsity_engine.v:65.16-65.75.
Warning: reg '\sparse_pattern' is assigned in a continuous assignment at rtl/sparsity/sparsity_engine.v:65.16-65.75.
Warning: reg '\sparse_pattern' is assigned in a continuous assignment at rtl/sparsity/sparsity_engine.v:65.16-65.75.
Warning: reg '\sparse_pattern' is assigned in a continuous assignment at rtl/sparsity/sparsity_engine.v:65.16-65.75.
Warning: reg '\sparse_pattern' is assigned in a continuous assignment at rtl/sparsity/sparsity_engine.v:65.16-65.75.
Warning: reg '\sparse_pattern' is assigned in a continuous assignment at rtl/sparsity/sparsity_engine.v:65.16-65.75.
Warning: reg '\sparse_pattern' is assigned in a continuous assignment at rtl/sparsity/sparsity_engine.v:65.16-65.75.
Warning: reg '\sparse_pattern' is assigned in a continuous assignment at rtl/sparsity/sparsity_engine.v:65.16-65.75.
Warning: reg '\sparse_pattern' is assigned in a continuous assignment at rtl/sparsity/sparsity_engine.v:65.16-65.75.
Warning: reg '\sparse_pattern' is assigned in a continuous assignment at rtl/sparsity/sparsity_engine.v:65.16-65.75.
Warning: reg '\sparse_pattern' is assigned in a continuous assignment at rtl/sparsity/sparsity_engine.v:65.16-65.75.
Warning: reg '\sparse_pattern' is assigned in a continuous assignment at rtl/sparsity/sparsity_engine.v:65.16-65.75.
Warning: reg '\sparse_pattern' is assigned in a continuous assignment at rtl/sparsity/sparsity_engine.v:65.16-65.75.
Warning: reg '\sparse_pattern' is assigned in a continuous assignment at rtl/sparsity/sparsity_engine.v:65.16-65.75.
Warning: reg '\sparse_pattern' is assigned in a continuous assignment at rtl/sparsity/sparsity_engine.v:65.16-65.75.
Warning: reg '\sparse_pattern' is assigned in a continuous assignment at rtl/sparsity/sparsity_engine.v:65.16-65.75.
Warning: reg '\sparse_pattern' is assigned in a continuous assignment at rtl/sparsity/sparsity_engine.v:65.16-65.75.
Warning: reg '\sparse_pattern' is assigned in a continuous assignment at rtl/sparsity/sparsity_engine.v:65.16-65.75.
Warning: reg '\sparse_pattern' is assigned in a continuous assignment at rtl/sparsity/sparsity_engine.v:65.16-65.75.
Warning: reg '\sparse_pattern' is assigned in a continuous assignment at rtl/sparsity/sparsity_engine.v:65.16-65.75.
Warning: reg '\sparse_pattern' is assigned in a continuous assignment at rtl/sparsity/sparsity_engine.v:65.16-65.75.
Warning: reg '\sparse_pattern' is assigned in a continuous assignment at rtl/sparsity/sparsity_engine.v:65.16-65.75.
Warning: reg '\sparse_pattern' is assigned in a continuous assignment at rtl/sparsity/sparsity_engine.v:65.16-65.75.
Warning: reg '\sparse_pattern' is assigned in a continuous assignment at rtl/sparsity/sparsity_engine.v:65.16-65.75.
Warning: reg '\sparse_pattern' is assigned in a continuous assignment at rtl/sparsity/sparsity_engine.v:65.16-65.75.
Warning: reg '\sparse_pattern' is assigned in a continuous assignment at rtl/sparsity/sparsity_engine.v:65.16-65.75.
Warning: reg '\sparse_pattern' is assigned in a continuous assignment at rtl/sparsity/sparsity_engine.v:65.16-65.75.
Warning: reg '\sparse_pattern' is assigned in a continuous assignment at rtl/sparsity/sparsity_engine.v:65.16-65.75.
Warning: reg '\sparse_pattern' is assigned in a continuous assignment at rtl/sparsity/sparsity_engine.v:65.16-65.75.
Warning: reg '\sparse_pattern' is assigned in a continuous assignment at rtl/sparsity/sparsity_engine.v:65.16-65.75.
Warning: reg '\sparse_pattern' is assigned in a continuous assignment at rtl/sparsity/sparsity_engine.v:65.16-65.75.
Warning: reg '\sparse_pattern' is assigned in a continuous assignment at rtl/sparsity/sparsity_engine.v:65.16-65.75.
Warning: reg '\sparse_pattern' is assigned in a continuous assignment at rtl/sparsity/sparsity_engine.v:65.16-65.75.
Warning: reg '\sparse_pattern' is assigned in a continuous assignment at rtl/sparsity/sparsity_engine.v:65.16-65.75.
Warning: reg '\sparse_pattern' is assigned in a continuous assignment at rtl/sparsity/sparsity_engine.v:65.16-65.75.
Warning: reg '\sparse_pattern' is assigned in a continuous assignment at rtl/sparsity/sparsity_engine.v:65.16-65.75.
Warning: reg '\sparse_pattern' is assigned in a continuous assignment at rtl/sparsity/sparsity_engine.v:65.16-65.75.
Warning: reg '\sparse_pattern' is assigned in a continuous assignment at rtl/sparsity/sparsity_engine.v:65.16-65.75.
Warning: reg '\sparse_pattern' is assigned in a continuous assignment at rtl/sparsity/sparsity_engine.v:65.16-65.75.
Warning: reg '\sparse_pattern' is assigned in a continuous assignment at rtl/sparsity/sparsity_engine.v:65.16-65.75.
Warning: reg '\sparse_pattern' is assigned in a continuous assignment at rtl/sparsity/sparsity_engine.v:65.16-65.75.
Warning: reg '\sparse_pattern' is assigned in a continuous assignment at rtl/sparsity/sparsity_engine.v:65.16-65.75.
Warning: reg '\sparse_pattern' is assigned in a continuous assignment at rtl/sparsity/sparsity_engine.v:65.16-65.75.
Warning: reg '\sparse_pattern' is assigned in a continuous assignment at rtl/sparsity/sparsity_engine.v:65.16-65.75.
Warning: reg '\sparse_pattern' is assigned in a continuous assignment at rtl/sparsity/sparsity_engine.v:65.16-65.75.
Warning: reg '\sparse_pattern' is assigned in a continuous assignment at rtl/sparsity/sparsity_engine.v:65.16-65.75.
Warning: reg '\sparse_pattern' is assigned in a continuous assignment at rtl/sparsity/sparsity_engine.v:65.16-65.75.
Warning: reg '\sparse_pattern' is assigned in a continuous assignment at rtl/sparsity/sparsity_engine.v:65.16-65.75.
Warning: reg '\sparse_pattern' is assigned in a continuous assignment at rtl/sparsity/sparsity_engine.v:65.16-65.75.
Warning: reg '\sparse_pattern' is assigned in a continuous assignment at rtl/sparsity/sparsity_engine.v:65.16-65.75.
Warning: reg '\sparse_pattern' is assigned in a continuous assignment at rtl/sparsity/sparsity_engine.v:65.16-65.75.
Warning: reg '\sparse_pattern' is assigned in a continuous assignment at rtl/sparsity/sparsity_engine.v:65.16-65.75.
Warning: reg '\sparse_pattern' is assigned in a continuous assignment at rtl/sparsity/sparsity_engine.v:65.16-65.75.
Warning: reg '\sparse_pattern' is assigned in a continuous assignment at rtl/sparsity/sparsity_engine.v:65.16-65.75.
Warning: reg '\sparse_pattern' is assigned in a continuous assignment at rtl/sparsity/sparsity_engine.v:65.16-65.75.
Warning: reg '\sparse_pattern' is assigned in a continuous assignment at rtl/sparsity/sparsity_engine.v:65.16-65.75.
Warning: reg '\sparse_pattern' is assigned in a continuous assignment at rtl/sparsity/sparsity_engine.v:65.16-65.75.
Warning: reg '\sparse_pattern' is assigned in a continuous assignment at rtl/sparsity/sparsity_engine.v:65.16-65.75.
Warning: reg '\sparse_pattern' is assigned in a continuous assignment at rtl/sparsity/sparsity_engine.v:65.16-65.75.
Warning: reg '\sparse_pattern' is assigned in a continuous assignment at rtl/sparsity/sparsity_engine.v:65.16-65.75.
Warning: reg '\sparse_pattern' is assigned in a continuous assignment at rtl/sparsity/sparsity_engine.v:65.16-65.75.
Warning: reg '\sparse_pattern' is assigned in a continuous assignment at rtl/sparsity/sparsity_engine.v:65.16-65.75.
Warning: reg '\sparse_pattern' is assigned in a continuous assignment at rtl/sparsity/sparsity_engine.v:65.16-65.75.
Warning: reg '\sparse_pattern' is assigned in a continuous assignment at rtl/sparsity/sparsity_engine.v:65.16-65.75.
Warning: reg '\sparse_pattern' is assigned in a continuous assignment at rtl/sparsity/sparsity_engine.v:65.16-65.75.
Warning: reg '\sparse_pattern' is assigned in a continuous assignment at rtl/sparsity/sparsity_engine.v:65.16-65.75.
Warning: reg '\sparse_pattern' is assigned in a continuous assignment at rtl/sparsity/sparsity_engine.v:65.16-65.75.
Warning: reg '\sparse_pattern' is assigned in a continuous assignment at rtl/sparsity/sparsity_engine.v:65.16-65.75.
Warning: reg '\sparse_pattern' is assigned in a continuous assignment at rtl/sparsity/sparsity_engine.v:65.16-65.75.
Warning: reg '\sparse_pattern' is assigned in a continuous assignment at rtl/sparsity/sparsity_engine.v:65.16-65.75.
Warning: reg '\sparse_pattern' is assigned in a continuous assignment at rtl/sparsity/sparsity_engine.v:65.16-65.75.
Warning: reg '\sparse_pattern' is assigned in a continuous assignment at rtl/sparsity/sparsity_engine.v:65.16-65.75.
Warning: reg '\sparse_pattern' is assigned in a continuous assignment at rtl/sparsity/sparsity_engine.v:65.16-65.75.
Warning: reg '\sparse_pattern' is assigned in a continuous assignment at rtl/sparsity/sparsity_engine.v:65.16-65.75.
Warning: reg '\sparse_pattern' is assigned in a continuous assignment at rtl/sparsity/sparsity_engine.v:65.16-65.75.
Warning: reg '\sparse_pattern' is assigned in a continuous assignment at rtl/sparsity/sparsity_engine.v:65.16-65.75.
Warning: reg '\sparse_pattern' is assigned in a continuous assignment at rtl/sparsity/sparsity_engine.v:65.16-65.75.
Warning: reg '\sparse_pattern' is assigned in a continuous assignment at rtl/sparsity/sparsity_engine.v:65.16-65.75.
Warning: reg '\sparse_pattern' is assigned in a continuous assignment at rtl/sparsity/sparsity_engine.v:65.16-65.75.
Warning: reg '\sparse_pattern' is assigned in a continuous assignment at rtl/sparsity/sparsity_engine.v:65.16-65.75.
Warning: reg '\sparse_pattern' is assigned in a continuous assignment at rtl/sparsity/sparsity_engine.v:65.16-65.75.
Warning: reg '\sparse_pattern' is assigned in a continuous assignment at rtl/sparsity/sparsity_engine.v:65.16-65.75.
Warning: reg '\sparse_pattern' is assigned in a continuous assignment at rtl/sparsity/sparsity_engine.v:65.16-65.75.
Warning: reg '\sparse_pattern' is assigned in a continuous assignment at rtl/sparsity/sparsity_engine.v:65.16-65.75.
Warning: reg '\sparse_pattern' is assigned in a continuous assignment at rtl/sparsity/sparsity_engine.v:65.16-65.75.
Warning: reg '\sparse_pattern' is assigned in a continuous assignment at rtl/sparsity/sparsity_engine.v:65.16-65.75.
Warning: reg '\sparse_pattern' is assigned in a continuous assignment at rtl/sparsity/sparsity_engine.v:65.16-65.75.
Warning: reg '\sparse_pattern' is assigned in a continuous assignment at rtl/sparsity/sparsity_engine.v:65.16-65.75.
Warning: reg '\sparse_pattern' is assigned in a continuous assignment at rtl/sparsity/sparsity_engine.v:65.16-65.75.
Warning: reg '\sparse_pattern' is assigned in a continuous assignment at rtl/sparsity/sparsity_engine.v:65.16-65.75.
Warning: reg '\sparse_pattern' is assigned in a continuous assignment at rtl/sparsity/sparsity_engine.v:65.16-65.75.
Warning: reg '\sparse_pattern' is assigned in a continuous assignment at rtl/sparsity/sparsity_engine.v:65.16-65.75.
Warning: reg '\sparse_pattern' is assigned in a continuous assignment at rtl/sparsity/sparsity_engine.v:65.16-65.75.
Warning: reg '\sparse_pattern' is assigned in a continuous assignment at rtl/sparsity/sparsity_engine.v:65.16-65.75.
Warning: reg '\sparse_pattern' is assigned in a continuous assignment at rtl/sparsity/sparsity_engine.v:65.16-65.75.
Warning: reg '\sparse_pattern' is assigned in a continuous assignment at rtl/sparsity/sparsity_engine.v:65.16-65.75.
Warning: reg '\sparse_pattern' is assigned in a continuous assignment at rtl/sparsity/sparsity_engine.v:65.16-65.75.
Warning: reg '\sparse_pattern' is assigned in a continuous assignment at rtl/sparsity/sparsity_engine.v:65.16-65.75.
Warning: reg '\sparse_pattern' is assigned in a continuous assignment at rtl/sparsity/sparsity_engine.v:65.16-65.75.
Warning: reg '\sparse_pattern' is assigned in a continuous assignment at rtl/sparsity/sparsity_engine.v:65.16-65.75.
Warning: reg '\sparse_pattern' is assigned in a continuous assignment at rtl/sparsity/sparsity_engine.v:65.16-65.75.
Warning: reg '\sparse_pattern' is assigned in a continuous assignment at rtl/sparsity/sparsity_engine.v:65.16-65.75.
Warning: reg '\sparse_pattern' is assigned in a continuous assignment at rtl/sparsity/sparsity_engine.v:65.16-65.75.
Warning: reg '\sparse_pattern' is assigned in a continuous assignment at rtl/sparsity/sparsity_engine.v:65.16-65.75.
Warning: reg '\sparse_pattern' is assigned in a continuous assignment at rtl/sparsity/sparsity_engine.v:65.16-65.75.
Warning: reg '\sparse_pattern' is assigned in a continuous assignment at rtl/sparsity/sparsity_engine.v:65.16-65.75.
Warning: reg '\sparse_pattern' is assigned in a continuous assignment at rtl/sparsity/sparsity_engine.v:65.16-65.75.
Warning: reg '\sparse_pattern' is assigned in a continuous assignment at rtl/sparsity/sparsity_engine.v:65.16-65.75.
Warning: reg '\sparse_pattern' is assigned in a continuous assignment at rtl/sparsity/sparsity_engine.v:65.16-65.75.
Warning: reg '\sparse_pattern' is assigned in a continuous assignment at rtl/sparsity/sparsity_engine.v:65.16-65.75.
Warning: reg '\sparse_pattern' is assigned in a continuous assignment at rtl/sparsity/sparsity_engine.v:65.16-65.75.
Warning: reg '\sparse_pattern' is assigned in a continuous assignment at rtl/sparsity/sparsity_engine.v:65.16-65.75.
Warning: reg '\sparse_pattern' is assigned in a continuous assignment at rtl/sparsity/sparsity_engine.v:65.16-65.75.
Warning: reg '\sparse_pattern' is assigned in a continuous assignment at rtl/sparsity/sparsity_engine.v:65.16-65.75.
Warning: reg '\sparse_pattern' is assigned in a continuous assignment at rtl/sparsity/sparsity_engine.v:65.16-65.75.
Warning: reg '\sparse_pattern' is assigned in a continuous assignment at rtl/sparsity/sparsity_engine.v:65.16-65.75.
Warning: reg '\sparse_pattern' is assigned in a continuous assignment at rtl/sparsity/sparsity_engine.v:65.16-65.75.
Warning: reg '\sparse_pattern' is assigned in a continuous assignment at rtl/sparsity/sparsity_engine.v:65.16-65.75.
Warning: reg '\sparse_pattern' is assigned in a continuous assignment at rtl/sparsity/sparsity_engine.v:65.16-65.75.
Warning: reg '\sparse_pattern' is assigned in a continuous assignment at rtl/sparsity/sparsity_engine.v:65.16-65.75.
Warning: reg '\sparse_pattern' is assigned in a continuous assignment at rtl/sparsity/sparsity_engine.v:65.16-65.75.
Warning: reg '\sparse_pattern' is assigned in a continuous assignment at rtl/sparsity/sparsity_engine.v:65.16-65.75.
Warning: reg '\sparse_pattern' is assigned in a continuous assignment at rtl/sparsity/sparsity_engine.v:65.16-65.75.
Warning: reg '\sparse_pattern' is assigned in a continuous assignment at rtl/sparsity/sparsity_engine.v:65.16-65.75.
Warning: reg '\sparse_pattern' is assigned in a continuous assignment at rtl/sparsity/sparsity_engine.v:65.16-65.75.
Warning: reg '\sparse_pattern' is assigned in a continuous assignment at rtl/sparsity/sparsity_engine.v:65.16-65.75.
Warning: reg '\sparse_pattern' is assigned in a continuous assignment at rtl/sparsity/sparsity_engine.v:65.16-65.75.
Warning: reg '\sparse_pattern' is assigned in a continuous assignment at rtl/sparsity/sparsity_engine.v:65.16-65.75.
Warning: reg '\sparse_pattern' is assigned in a continuous assignment at rtl/sparsity/sparsity_engine.v:65.16-65.75.
Warning: reg '\sparse_pattern' is assigned in a continuous assignment at rtl/sparsity/sparsity_engine.v:65.16-65.75.
Warning: reg '\sparse_pattern' is assigned in a continuous assignment at rtl/sparsity/sparsity_engine.v:65.16-65.75.
Warning: reg '\sparse_pattern' is assigned in a continuous assignment at rtl/sparsity/sparsity_engine.v:65.16-65.75.
Warning: reg '\sparse_pattern' is assigned in a continuous assignment at rtl/sparsity/sparsity_engine.v:65.16-65.75.
Warning: reg '\sparse_pattern' is assigned in a continuous assignment at rtl/sparsity/sparsity_engine.v:65.16-65.75.
Warning: reg '\sparse_pattern' is assigned in a continuous assignment at rtl/sparsity/sparsity_engine.v:65.16-65.75.
Warning: reg '\sparse_pattern' is assigned in a continuous assignment at rtl/sparsity/sparsity_engine.v:65.16-65.75.
Warning: reg '\sparse_pattern' is assigned in a continuous assignment at rtl/sparsity/sparsity_engine.v:65.16-65.75.
Warning: reg '\sparse_pattern' is assigned in a continuous assignment at rtl/sparsity/sparsity_engine.v:65.16-65.75.
Warning: reg '\sparse_pattern' is assigned in a continuous assignment at rtl/sparsity/sparsity_engine.v:65.16-65.75.
Warning: reg '\sparse_pattern' is assigned in a continuous assignment at rtl/sparsity/sparsity_engine.v:65.16-65.75.
Warning: reg '\sparse_pattern' is assigned in a continuous assignment at rtl/sparsity/sparsity_engine.v:65.16-65.75.
Warning: reg '\sparse_pattern' is assigned in a continuous assignment at rtl/sparsity/sparsity_engine.v:65.16-65.75.
Warning: reg '\sparse_pattern' is assigned in a continuous assignment at rtl/sparsity/sparsity_engine.v:65.16-65.75.
Warning: reg '\sparse_pattern' is assigned in a continuous assignment at rtl/sparsity/sparsity_engine.v:65.16-65.75.
Warning: reg '\sparse_pattern' is assigned in a continuous assignment at rtl/sparsity/sparsity_engine.v:65.16-65.75.
Warning: reg '\sparse_pattern' is assigned in a continuous assignment at rtl/sparsity/sparsity_engine.v:65.16-65.75.
Warning: reg '\sparse_pattern' is assigned in a continuous assignment at rtl/sparsity/sparsity_engine.v:65.16-65.75.
Warning: reg '\sparse_pattern' is assigned in a continuous assignment at rtl/sparsity/sparsity_engine.v:65.16-65.75.
Warning: reg '\sparse_pattern' is assigned in a continuous assignment at rtl/sparsity/sparsity_engine.v:65.16-65.75.
Warning: reg '\sparse_pattern' is assigned in a continuous assignment at rtl/sparsity/sparsity_engine.v:65.16-65.75.
Warning: reg '\sparse_pattern' is assigned in a continuous assignment at rtl/sparsity/sparsity_engine.v:65.16-65.75.
Warning: reg '\sparse_pattern' is assigned in a continuous assignment at rtl/sparsity/sparsity_engine.v:65.16-65.75.
Warning: reg '\sparse_pattern' is assigned in a continuous assignment at rtl/sparsity/sparsity_engine.v:65.16-65.75.
Warning: reg '\sparse_pattern' is assigned in a continuous assignment at rtl/sparsity/sparsity_engine.v:65.16-65.75.
Warning: reg '\sparse_pattern' is assigned in a continuous assignment at rtl/sparsity/sparsity_engine.v:65.16-65.75.
Warning: reg '\sparse_pattern' is assigned in a continuous assignment at rtl/sparsity/sparsity_engine.v:65.16-65.75.
Warning: reg '\sparse_pattern' is assigned in a continuous assignment at rtl/sparsity/sparsity_engine.v:65.16-65.75.
Warning: reg '\sparse_pattern' is assigned in a continuous assignment at rtl/sparsity/sparsity_engine.v:65.16-65.75.
Warning: reg '\sparse_pattern' is assigned in a continuous assignment at rtl/sparsity/sparsity_engine.v:65.16-65.75.
Warning: reg '\sparse_pattern' is assigned in a continuous assignment at rtl/sparsity/sparsity_engine.v:65.16-65.75.
Warning: reg '\sparse_pattern' is assigned in a continuous assignment at rtl/sparsity/sparsity_engine.v:65.16-65.75.
Warning: reg '\sparse_pattern' is assigned in a continuous assignment at rtl/sparsity/sparsity_engine.v:65.16-65.75.
Warning: reg '\sparse_pattern' is assigned in a continuous assignment at rtl/sparsity/sparsity_engine.v:65.16-65.75.
Warning: reg '\sparse_pattern' is assigned in a continuous assignment at rtl/sparsity/sparsity_engine.v:65.16-65.75.
Warning: reg '\sparse_pattern' is assigned in a continuous assignment at rtl/sparsity/sparsity_engine.v:65.16-65.75.
Warning: reg '\sparse_pattern' is assigned in a continuous assignment at rtl/sparsity/sparsity_engine.v:65.16-65.75.
Warning: reg '\sparse_pattern' is assigned in a continuous assignment at rtl/sparsity/sparsity_engine.v:65.16-65.75.
Warning: reg '\sparse_pattern' is assigned in a continuous assignment at rtl/sparsity/sparsity_engine.v:65.16-65.75.
Warning: reg '\sparse_pattern' is assigned in a continuous assignment at rtl/sparsity/sparsity_engine.v:65.16-65.75.
Warning: reg '\sparse_pattern' is assigned in a continuous assignment at rtl/sparsity/sparsity_engine.v:65.16-65.75.
Warning: reg '\sparse_pattern' is assigned in a continuous assignment at rtl/sparsity/sparsity_engine.v:65.16-65.75.
Warning: reg '\sparse_pattern' is assigned in a continuous assignment at rtl/sparsity/sparsity_engine.v:65.16-65.75.
Warning: reg '\sparse_pattern' is assigned in a continuous assignment at rtl/sparsity/sparsity_engine.v:65.16-65.75.
Warning: reg '\sparse_pattern' is assigned in a continuous assignment at rtl/sparsity/sparsity_engine.v:65.16-65.75.
Warning: reg '\sparse_pattern' is assigned in a continuous assignment at rtl/sparsity/sparsity_engine.v:65.16-65.75.
Warning: reg '\sparse_pattern' is assigned in a continuous assignment at rtl/sparsity/sparsity_engine.v:65.16-65.75.
Warning: reg '\sparse_pattern' is assigned in a continuous assignment at rtl/sparsity/sparsity_engine.v:65.16-65.75.
Warning: reg '\sparse_pattern' is assigned in a continuous assignment at rtl/sparsity/sparsity_engine.v:65.16-65.75.
Warning: reg '\sparse_pattern' is assigned in a continuous assignment at rtl/sparsity/sparsity_engine.v:65.16-65.75.
Warning: reg '\sparse_pattern' is assigned in a continuous assignment at rtl/sparsity/sparsity_engine.v:65.16-65.75.
Warning: reg '\sparse_pattern' is assigned in a continuous assignment at rtl/sparsity/sparsity_engine.v:65.16-65.75.
Warning: reg '\sparse_pattern' is assigned in a continuous assignment at rtl/sparsity/sparsity_engine.v:65.16-65.75.
Warning: reg '\sparse_pattern' is assigned in a continuous assignment at rtl/sparsity/sparsity_engine.v:65.16-65.75.
Warning: reg '\sparse_pattern' is assigned in a continuous assignment at rtl/sparsity/sparsity_engine.v:65.16-65.75.
Warning: reg '\sparse_pattern' is assigned in a continuous assignment at rtl/sparsity/sparsity_engine.v:65.16-65.75.
Warning: reg '\sparse_pattern' is assigned in a continuous assignment at rtl/sparsity/sparsity_engine.v:65.16-65.75.
Warning: reg '\sparse_pattern' is assigned in a continuous assignment at rtl/sparsity/sparsity_engine.v:65.16-65.75.
Warning: reg '\sparse_pattern' is assigned in a continuous assignment at rtl/sparsity/sparsity_engine.v:65.16-65.75.
Warning: reg '\sparse_pattern' is assigned in a continuous assignment at rtl/sparsity/sparsity_engine.v:65.16-65.75.
Warning: reg '\sparse_pattern' is assigned in a continuous assignment at rtl/sparsity/sparsity_engine.v:65.16-65.75.
Warning: reg '\sparse_pattern' is assigned in a continuous assignment at rtl/sparsity/sparsity_engine.v:65.16-65.75.
Warning: reg '\sparse_pattern' is assigned in a continuous assignment at rtl/sparsity/sparsity_engine.v:65.16-65.75.
Warning: reg '\sparse_pattern' is assigned in a continuous assignment at rtl/sparsity/sparsity_engine.v:65.16-65.75.
Warning: reg '\sparse_pattern' is assigned in a continuous assignment at rtl/sparsity/sparsity_engine.v:65.16-65.75.
Warning: reg '\sparse_pattern' is assigned in a continuous assignment at rtl/sparsity/sparsity_engine.v:65.16-65.75.
Warning: reg '\sparse_pattern' is assigned in a continuous assignment at rtl/sparsity/sparsity_engine.v:65.16-65.75.
Warning: reg '\sparse_pattern' is assigned in a continuous assignment at rtl/sparsity/sparsity_engine.v:65.16-65.75.
Warning: reg '\sparse_pattern' is assigned in a continuous assignment at rtl/sparsity/sparsity_engine.v:65.16-65.75.
Warning: reg '\sparse_pattern' is assigned in a continuous assignment at rtl/sparsity/sparsity_engine.v:65.16-65.75.
Warning: reg '\sparse_pattern' is assigned in a continuous assignment at rtl/sparsity/sparsity_engine.v:65.16-65.75.
Warning: reg '\sparse_pattern' is assigned in a continuous assignment at rtl/sparsity/sparsity_engine.v:65.16-65.75.
Warning: reg '\sparse_pattern' is assigned in a continuous assignment at rtl/sparsity/sparsity_engine.v:65.16-65.75.
Warning: reg '\sparse_pattern' is assigned in a continuous assignment at rtl/sparsity/sparsity_engine.v:65.16-65.75.
Warning: reg '\sparse_pattern' is assigned in a continuous assignment at rtl/sparsity/sparsity_engine.v:65.16-65.75.
Warning: reg '\sparse_pattern' is assigned in a continuous assignment at rtl/sparsity/sparsity_engine.v:65.16-65.75.
Warning: reg '\sparse_pattern' is assigned in a continuous assignment at rtl/sparsity/sparsity_engine.v:65.16-65.75.
Warning: reg '\sparse_pattern' is assigned in a continuous assignment at rtl/sparsity/sparsity_engine.v:65.16-65.75.
Warning: reg '\sparse_pattern' is assigned in a continuous assignment at rtl/sparsity/sparsity_engine.v:65.16-65.75.
Warning: reg '\sparse_pattern' is assigned in a continuous assignment at rtl/sparsity/sparsity_engine.v:65.16-65.75.
Warning: reg '\sparse_pattern' is assigned in a continuous assignment at rtl/sparsity/sparsity_engine.v:65.16-65.75.
Warning: reg '\sparse_pattern' is assigned in a continuous assignment at rtl/sparsity/sparsity_engine.v:65.16-65.75.
Warning: reg '\sparse_pattern' is assigned in a continuous assignment at rtl/sparsity/sparsity_engine.v:65.16-65.75.
Warning: reg '\sparse_pattern' is assigned in a continuous assignment at rtl/sparsity/sparsity_engine.v:65.16-65.75.
Warning: reg '\sparse_pattern' is assigned in a continuous assignment at rtl/sparsity/sparsity_engine.v:65.16-65.75.
Warning: reg '\sparse_pattern' is assigned in a continuous assignment at rtl/sparsity/sparsity_engine.v:65.16-65.75.
Warning: reg '\sparse_pattern' is assigned in a continuous assignment at rtl/sparsity/sparsity_engine.v:65.16-65.75.
Warning: reg '\sparse_pattern' is assigned in a continuous assignment at rtl/sparsity/sparsity_engine.v:65.16-65.75.
Warning: reg '\sparse_pattern' is assigned in a continuous assignment at rtl/sparsity/sparsity_engine.v:65.16-65.75.
Warning: reg '\sparse_pattern' is assigned in a continuous assignment at rtl/sparsity/sparsity_engine.v:65.16-65.75.
Warning: reg '\sparse_pattern' is assigned in a continuous assignment at rtl/sparsity/sparsity_engine.v:65.16-65.75.
Warning: reg '\sparse_pattern' is assigned in a continuous assignment at rtl/sparsity/sparsity_engine.v:65.16-65.75.
Warning: reg '\sparse_pattern' is assigned in a continuous assignment at rtl/sparsity/sparsity_engine.v:65.16-65.75.
Warning: reg '\sparse_pattern' is assigned in a continuous assignment at rtl/sparsity/sparsity_engine.v:65.16-65.75.
Warning: reg '\sparse_pattern' is assigned in a continuous assignment at rtl/sparsity/sparsity_engine.v:65.16-65.75.
Warning: reg '\sparse_pattern' is assigned in a continuous assignment at rtl/sparsity/sparsity_engine.v:65.16-65.75.
Warning: reg '\sparse_pattern' is assigned in a continuous assignment at rtl/sparsity/sparsity_engine.v:65.16-65.75.
Warning: reg '\sparse_pattern' is assigned in a continuous assignment at rtl/sparsity/sparsity_engine.v:65.16-65.75.
Warning: reg '\sparse_pattern' is assigned in a continuous assignment at rtl/sparsity/sparsity_engine.v:65.16-65.75.
Warning: reg '\sparse_pattern' is assigned in a continuous assignment at rtl/sparsity/sparsity_engine.v:65.16-65.75.
Warning: reg '\sparse_pattern' is assigned in a continuous assignment at rtl/sparsity/sparsity_engine.v:65.16-65.75.
Warning: reg '\sparse_pattern' is assigned in a continuous assignment at rtl/sparsity/sparsity_engine.v:65.16-65.75.
Warning: reg '\sparse_pattern' is assigned in a continuous assignment at rtl/sparsity/sparsity_engine.v:65.16-65.75.
Warning: reg '\sparse_pattern' is assigned in a continuous assignment at rtl/sparsity/sparsity_engine.v:65.16-65.75.
Warning: reg '\sparse_pattern' is assigned in a continuous assignment at rtl/sparsity/sparsity_engine.v:65.16-65.75.
Warning: reg '\sparse_pattern' is assigned in a continuous assignment at rtl/sparsity/sparsity_engine.v:65.16-65.75.
Warning: reg '\sparse_pattern' is assigned in a continuous assignment at rtl/sparsity/sparsity_engine.v:65.16-65.75.
Warning: reg '\sparse_pattern' is assigned in a continuous assignment at rtl/sparsity/sparsity_engine.v:65.16-65.75.
Warning: reg '\sparse_pattern' is assigned in a continuous assignment at rtl/sparsity/sparsity_engine.v:65.16-65.75.
Warning: reg '\sparse_pattern' is assigned in a continuous assignment at rtl/sparsity/sparsity_engine.v:65.16-65.75.
Warning: reg '\sparse_pattern' is assigned in a continuous assignment at rtl/sparsity/sparsity_engine.v:65.16-65.75.
Warning: reg '\sparse_pattern' is assigned in a continuous assignment at rtl/sparsity/sparsity_engine.v:65.16-65.75.
Warning: reg '\sparse_pattern' is assigned in a continuous assignment at rtl/sparsity/sparsity_engine.v:65.16-65.75.
Warning: reg '\sparse_pattern' is assigned in a continuous assignment at rtl/sparsity/sparsity_engine.v:65.16-65.75.
Warning: reg '\sparse_pattern' is assigned in a continuous assignment at rtl/sparsity/sparsity_engine.v:65.16-65.75.
Warning: reg '\sparse_pattern' is assigned in a continuous assignment at rtl/sparsity/sparsity_engine.v:65.16-65.75.
Warning: reg '\sparse_pattern' is assigned in a continuous assignment at rtl/sparsity/sparsity_engine.v:65.16-65.75.
Warning: reg '\sparse_pattern' is assigned in a continuous assignment at rtl/sparsity/sparsity_engine.v:65.16-65.75.
Warning: reg '\sparse_pattern' is assigned in a continuous assignment at rtl/sparsity/sparsity_engine.v:65.16-65.75.
Warning: reg '\sparse_pattern' is assigned in a continuous assignment at rtl/sparsity/sparsity_engine.v:65.16-65.75.
Warning: reg '\sparse_pattern' is assigned in a continuous assignment at rtl/sparsity/sparsity_engine.v:65.16-65.75.
Warning: reg '\sparse_pattern' is assigned in a continuous assignment at rtl/sparsity/sparsity_engine.v:65.16-65.75.
Generating RTLIL representation for module `\sparsity_selector'.
Warning: wire '\nonzero_count' is assigned in a block at rtl/sparsity/sparsity_engine.v:183.17-183.34.
Warning: wire '\nonzero_count' is assigned in a block at rtl/sparsity/sparsity_engine.v:184.37-184.70.
Warning: wire '\nonzero_count' is assigned in a block at rtl/sparsity/sparsity_engine.v:185.37-185.70.
Warning: wire '\nonzero_count' is assigned in a block at rtl/sparsity/sparsity_engine.v:186.37-186.70.
Warning: wire '\nonzero_count' is assigned in a block at rtl/sparsity/sparsity_engine.v:187.37-187.70.
rtl/sparsity/sparsity_engine.v:182: ERROR: Local declaration in unnamed block is only supported in SystemVerilog mode!
