
 /----------------------------------------------------------------------------\
 |  yosys -- Yosys Open SYnthesis Suite                                       |
 |  Copyright (C) 2012 - 2025  Claire Xenia Wolf <claire@yosyshq.com>         |
 |  Distributed under an ISC-like license, type "license" to see terms        |
 \----------------------------------------------------------------------------/
 Yosys 0.55+112 (git sha1 bf9aaac0f, clang++ 18.1.3 -fPIC -O3)

-- Executing script file `design_prep.ys' --

1. Executing RTLIL frontend.
Input filename: design.il

2. Executing SCC pass (detecting logic loops).
Found 0 SCCs in module router_mesh.
Found 0 SCCs.

3. Executing SIMPLEMAP pass (map simple cells to gate primitives).

4. Executing MEMORY_NORDFF pass (extracting $dff cells from memories).

5. Executing ASYNC2SYNC pass.

6. Executing OPT_CLEAN pass (remove unused cells and wires).
Finding unused cells or wires in module \router_mesh..

7. Executing FORMALFF pass.

8. Executing OPT_CLEAN pass (remove unused cells and wires).
Finding unused cells or wires in module \router_mesh..

9. Executing CHECK pass (checking for obvious problems).
Checking module router_mesh...
Warning: Wire router_mesh.\ext_valid_out is used but has no driver.
Warning: Wire router_mesh.\ext_ready_out is used but has no driver.
Warning: Wire router_mesh.\ext_flit_out [63] is used but has no driver.
Warning: Wire router_mesh.\ext_flit_out [62] is used but has no driver.
Warning: Wire router_mesh.\ext_flit_out [61] is used but has no driver.
Warning: Wire router_mesh.\ext_flit_out [60] is used but has no driver.
Warning: Wire router_mesh.\ext_flit_out [59] is used but has no driver.
Warning: Wire router_mesh.\ext_flit_out [58] is used but has no driver.
Warning: Wire router_mesh.\ext_flit_out [57] is used but has no driver.
Warning: Wire router_mesh.\ext_flit_out [56] is used but has no driver.
Warning: Wire router_mesh.\ext_flit_out [55] is used but has no driver.
Warning: Wire router_mesh.\ext_flit_out [54] is used but has no driver.
Warning: Wire router_mesh.\ext_flit_out [53] is used but has no driver.
Warning: Wire router_mesh.\ext_flit_out [52] is used but has no driver.
Warning: Wire router_mesh.\ext_flit_out [51] is used but has no driver.
Warning: Wire router_mesh.\ext_flit_out [50] is used but has no driver.
Warning: Wire router_mesh.\ext_flit_out [49] is used but has no driver.
Warning: Wire router_mesh.\ext_flit_out [48] is used but has no driver.
Warning: Wire router_mesh.\ext_flit_out [47] is used but has no driver.
Warning: Wire router_mesh.\ext_flit_out [46] is used but has no driver.
Warning: Wire router_mesh.\ext_flit_out [45] is used but has no driver.
Warning: Wire router_mesh.\ext_flit_out [44] is used but has no driver.
Warning: Wire router_mesh.\ext_flit_out [43] is used but has no driver.
Warning: Wire router_mesh.\ext_flit_out [42] is used but has no driver.
Warning: Wire router_mesh.\ext_flit_out [41] is used but has no driver.
Warning: Wire router_mesh.\ext_flit_out [40] is used but has no driver.
Warning: Wire router_mesh.\ext_flit_out [39] is used but has no driver.
Warning: Wire router_mesh.\ext_flit_out [38] is used but has no driver.
Warning: Wire router_mesh.\ext_flit_out [37] is used but has no driver.
Warning: Wire router_mesh.\ext_flit_out [36] is used but has no driver.
Warning: Wire router_mesh.\ext_flit_out [35] is used but has no driver.
Warning: Wire router_mesh.\ext_flit_out [34] is used but has no driver.
Warning: Wire router_mesh.\ext_flit_out [33] is used but has no driver.
Warning: Wire router_mesh.\ext_flit_out [32] is used but has no driver.
Warning: Wire router_mesh.\ext_flit_out [31] is used but has no driver.
Warning: Wire router_mesh.\ext_flit_out [30] is used but has no driver.
Warning: Wire router_mesh.\ext_flit_out [29] is used but has no driver.
Warning: Wire router_mesh.\ext_flit_out [28] is used but has no driver.
Warning: Wire router_mesh.\ext_flit_out [27] is used but has no driver.
Warning: Wire router_mesh.\ext_flit_out [26] is used but has no driver.
Warning: Wire router_mesh.\ext_flit_out [25] is used but has no driver.
Warning: Wire router_mesh.\ext_flit_out [24] is used but has no driver.
Warning: Wire router_mesh.\ext_flit_out [23] is used but has no driver.
Warning: Wire router_mesh.\ext_flit_out [22] is used but has no driver.
Warning: Wire router_mesh.\ext_flit_out [21] is used but has no driver.
Warning: Wire router_mesh.\ext_flit_out [20] is used but has no driver.
Warning: Wire router_mesh.\ext_flit_out [19] is used but has no driver.
Warning: Wire router_mesh.\ext_flit_out [18] is used but has no driver.
Warning: Wire router_mesh.\ext_flit_out [17] is used but has no driver.
Warning: Wire router_mesh.\ext_flit_out [16] is used but has no driver.
Warning: Wire router_mesh.\ext_flit_out [15] is used but has no driver.
Warning: Wire router_mesh.\ext_flit_out [14] is used but has no driver.
Warning: Wire router_mesh.\ext_flit_out [13] is used but has no driver.
Warning: Wire router_mesh.\ext_flit_out [12] is used but has no driver.
Warning: Wire router_mesh.\ext_flit_out [11] is used but has no driver.
Warning: Wire router_mesh.\ext_flit_out [10] is used but has no driver.
Warning: Wire router_mesh.\ext_flit_out [9] is used but has no driver.
Warning: Wire router_mesh.\ext_flit_out [8] is used but has no driver.
Warning: Wire router_mesh.\ext_flit_out [7] is used but has no driver.
Warning: Wire router_mesh.\ext_flit_out [6] is used but has no driver.
Warning: Wire router_mesh.\ext_flit_out [5] is used but has no driver.
Warning: Wire router_mesh.\ext_flit_out [4] is used but has no driver.
Warning: Wire router_mesh.\ext_flit_out [3] is used but has no driver.
Warning: Wire router_mesh.\ext_flit_out [2] is used but has no driver.
Warning: Wire router_mesh.\ext_flit_out [1] is used but has no driver.
Warning: Wire router_mesh.\ext_flit_out [0] is used but has no driver.
Found and reported 66 problems.

10. Executing SETUNDEF pass (replace undef values with defined constants).

11. Executing OPT pass (performing simple optimizations).

11.1. Executing OPT_EXPR pass (perform const folding).
Optimizing module router_mesh.

11.2. Executing OPT_MERGE pass (detect identical cells).
Finding identical cells in module `\router_mesh'.
Removed a total of 0 cells.

11.3. Executing OPT_DFF pass (perform DFF optimizations).

11.4. Executing OPT_CLEAN pass (remove unused cells and wires).
Finding unused cells or wires in module \router_mesh..
Removed 0 unused cells and 4 unused wires.
<suppressed ~1 debug messages>

11.5. Finished fast OPT passes.

12. Executing OPT_CLEAN pass (remove unused cells and wires).
Finding unused cells or wires in module \router_mesh..

13. Executing RTLIL backend.
Output filename: ../model/design_prep.il

Warnings: 66 unique messages, 66 total
End of script. Logfile hash: 5ae38f113c, CPU: user 0.09s system 0.01s, MEM: 16.63 MB peak
Yosys 0.55+112 (git sha1 bf9aaac0f, clang++ 18.1.3 -fPIC -O3)
Time spent: 73% 4x opt_clean (0 sec), 5% 1x check (0 sec), ...
