
 /----------------------------------------------------------------------------\
 |  yosys -- Yosys Open SYnthesis Suite                                       |
 |  Copyright (C) 2012 - 2025  Claire Xenia Wolf <claire@yosyshq.com>         |
 |  Distributed under an ISC-like license, type "license" to see terms        |
 \----------------------------------------------------------------------------/
 Yosys 0.55+112 (git sha1 bf9aaac0f, clang++ 18.1.3 -fPIC -O3)

-- Executing script file `../model/design.ys' --

1. Executing Verilog-2005 frontend: router_mesh.v
Parsing SystemVerilog input from `router_mesh.v' to AST representation.
Generating RTLIL representation for module `\router_mesh'.
Successfully finished Verilog frontend.

2. Executing Verilog-2005 frontend: top_router_props.sv
Parsing SystemVerilog input from `top_router_props.sv' to AST representation.
Generating RTLIL representation for module `\top_router_props'.
Successfully finished Verilog frontend.

3. Executing PREP pass.

3.1. Executing HIERARCHY pass (managing design hierarchy).

3.1.1. Analyzing design hierarchy..
Top module:  \router_mesh

3.1.2. Analyzing design hierarchy..
Top module:  \router_mesh
Removing unused module `\top_router_props'.
Removed 1 unused modules.

3.2. Executing PROC pass (convert processes to netlists).

3.2.1. Executing PROC_CLEAN pass (remove empty switches from decision trees).
Cleaned up 0 empty switches.

3.2.2. Executing PROC_RMDEAD pass (remove dead branches from decision trees).
Removed a total of 0 dead cases.

3.2.3. Executing PROC_PRUNE pass (remove redundant assignments in processes).
Removed 0 redundant assignments.
Promoted 0 assignments to connections.

3.2.4. Executing PROC_INIT pass (extract init attributes).

3.2.5. Executing PROC_ARST pass (detect async resets in processes).

3.2.6. Executing PROC_ROM pass (convert switches to ROMs).
Converted 0 switches.

3.2.7. Executing PROC_MUX pass (convert decision trees to multiplexers).

3.2.8. Executing PROC_DLATCH pass (convert process syncs to latches).

3.2.9. Executing PROC_DFF pass (convert process syncs to FFs).

3.2.10. Executing PROC_MEMWR pass (convert process memory writes to cells).

3.2.11. Executing PROC_CLEAN pass (remove empty switches from decision trees).
Cleaned up 0 empty switches.

3.2.12. Executing OPT_EXPR pass (perform const folding).
Optimizing module router_mesh.

3.3. Executing FUTURE pass.

3.4. Executing OPT_EXPR pass (perform const folding).
Optimizing module router_mesh.

3.5. Executing OPT_CLEAN pass (remove unused cells and wires).
Finding unused cells or wires in module \router_mesh..

3.6. Executing CHECK pass (checking for obvious problems).
Checking module router_mesh...
Warning: Wire router_mesh.\ext_valid_out is used but has no driver.
Warning: Wire router_mesh.\ext_ready_out is used but has no driver.
Warning: Wire router_mesh.\ext_flit_out [63] is used but has no driver.
Warning: Wire router_mesh.\ext_flit_out [62] is used but has no driver.
Warning: Wire router_mesh.\ext_flit_out [61] is used but has no driver.
Warning: Wire router_mesh.\ext_flit_out [60] is used but has no driver.
Warning: Wire router_mesh.\ext_flit_out [59] is used but has no driver.
Warning: Wire router_mesh.\ext_flit_out [58] is used but has no driver.
Warning: Wire router_mesh.\ext_flit_out [57] is used but has no driver.
Warning: Wire router_mesh.\ext_flit_out [56] is used but has no driver.
Warning: Wire router_mesh.\ext_flit_out [55] is used but has no driver.
Warning: Wire router_mesh.\ext_flit_out [54] is used but has no driver.
Warning: Wire router_mesh.\ext_flit_out [53] is used but has no driver.
Warning: Wire router_mesh.\ext_flit_out [52] is used but has no driver.
Warning: Wire router_mesh.\ext_flit_out [51] is used but has no driver.
Warning: Wire router_mesh.\ext_flit_out [50] is used but has no driver.
Warning: Wire router_mesh.\ext_flit_out [49] is used but has no driver.
Warning: Wire router_mesh.\ext_flit_out [48] is used but has no driver.
Warning: Wire router_mesh.\ext_flit_out [47] is used but has no driver.
Warning: Wire router_mesh.\ext_flit_out [46] is used but has no driver.
Warning: Wire router_mesh.\ext_flit_out [45] is used but has no driver.
Warning: Wire router_mesh.\ext_flit_out [44] is used but has no driver.
Warning: Wire router_mesh.\ext_flit_out [43] is used but has no driver.
Warning: Wire router_mesh.\ext_flit_out [42] is used but has no driver.
Warning: Wire router_mesh.\ext_flit_out [41] is used but has no driver.
Warning: Wire router_mesh.\ext_flit_out [40] is used but has no driver.
Warning: Wire router_mesh.\ext_flit_out [39] is used but has no driver.
Warning: Wire router_mesh.\ext_flit_out [38] is used but has no driver.
Warning: Wire router_mesh.\ext_flit_out [37] is used but has no driver.
Warning: Wire router_mesh.\ext_flit_out [36] is used but has no driver.
Warning: Wire router_mesh.\ext_flit_out [35] is used but has no driver.
Warning: Wire router_mesh.\ext_flit_out [34] is used but has no driver.
Warning: Wire router_mesh.\ext_flit_out [33] is used but has no driver.
Warning: Wire router_mesh.\ext_flit_out [32] is used but has no driver.
Warning: Wire router_mesh.\ext_flit_out [31] is used but has no driver.
Warning: Wire router_mesh.\ext_flit_out [30] is used but has no driver.
Warning: Wire router_mesh.\ext_flit_out [29] is used but has no driver.
Warning: Wire router_mesh.\ext_flit_out [28] is used but has no driver.
Warning: Wire router_mesh.\ext_flit_out [27] is used but has no driver.
Warning: Wire router_mesh.\ext_flit_out [26] is used but has no driver.
Warning: Wire router_mesh.\ext_flit_out [25] is used but has no driver.
Warning: Wire router_mesh.\ext_flit_out [24] is used but has no driver.
Warning: Wire router_mesh.\ext_flit_out [23] is used but has no driver.
Warning: Wire router_mesh.\ext_flit_out [22] is used but has no driver.
Warning: Wire router_mesh.\ext_flit_out [21] is used but has no driver.
Warning: Wire router_mesh.\ext_flit_out [20] is used but has no driver.
Warning: Wire router_mesh.\ext_flit_out [19] is used but has no driver.
Warning: Wire router_mesh.\ext_flit_out [18] is used but has no driver.
Warning: Wire router_mesh.\ext_flit_out [17] is used but has no driver.
Warning: Wire router_mesh.\ext_flit_out [16] is used but has no driver.
Warning: Wire router_mesh.\ext_flit_out [15] is used but has no driver.
Warning: Wire router_mesh.\ext_flit_out [14] is used but has no driver.
Warning: Wire router_mesh.\ext_flit_out [13] is used but has no driver.
Warning: Wire router_mesh.\ext_flit_out [12] is used but has no driver.
Warning: Wire router_mesh.\ext_flit_out [11] is used but has no driver.
Warning: Wire router_mesh.\ext_flit_out [10] is used but has no driver.
Warning: Wire router_mesh.\ext_flit_out [9] is used but has no driver.
Warning: Wire router_mesh.\ext_flit_out [8] is used but has no driver.
Warning: Wire router_mesh.\ext_flit_out [7] is used but has no driver.
Warning: Wire router_mesh.\ext_flit_out [6] is used but has no driver.
Warning: Wire router_mesh.\ext_flit_out [5] is used but has no driver.
Warning: Wire router_mesh.\ext_flit_out [4] is used but has no driver.
Warning: Wire router_mesh.\ext_flit_out [3] is used but has no driver.
Warning: Wire router_mesh.\ext_flit_out [2] is used but has no driver.
Warning: Wire router_mesh.\ext_flit_out [1] is used but has no driver.
Warning: Wire router_mesh.\ext_flit_out [0] is used but has no driver.
Found and reported 66 problems.

3.7. Executing OPT pass (performing simple optimizations).

3.7.1. Executing OPT_EXPR pass (perform const folding).
Optimizing module router_mesh.

3.7.2. Executing OPT_MERGE pass (detect identical cells).
Finding identical cells in module `\router_mesh'.
Removed a total of 0 cells.

3.7.3. Executing OPT_MUXTREE pass (detect dead branches in mux trees).
Running muxtree optimizer on module \router_mesh..
  Creating internal representation of mux trees.
  No muxes found in this module.
Removed 0 multiplexer ports.

3.7.4. Executing OPT_REDUCE pass (consolidate $*mux and $reduce_* inputs).
  Optimizing cells in module \router_mesh.
Performed a total of 0 changes.

3.7.5. Executing OPT_MERGE pass (detect identical cells).
Finding identical cells in module `\router_mesh'.
Removed a total of 0 cells.

3.7.6. Executing OPT_CLEAN pass (remove unused cells and wires).
Finding unused cells or wires in module \router_mesh..

3.7.7. Executing OPT_EXPR pass (perform const folding).
Optimizing module router_mesh.

3.7.8. Finished OPT passes. (There is nothing left to do.)

3.8. Executing WREDUCE pass (reducing word size of cells).

3.9. Executing OPT_CLEAN pass (remove unused cells and wires).
Finding unused cells or wires in module \router_mesh..

3.10. Executing MEMORY_COLLECT pass (generating $mem cells).

3.11. Executing OPT pass (performing simple optimizations).

3.11.1. Executing OPT_EXPR pass (perform const folding).
Optimizing module router_mesh.

3.11.2. Executing OPT_MERGE pass (detect identical cells).
Finding identical cells in module `\router_mesh'.
Removed a total of 0 cells.

3.11.3. Executing OPT_CLEAN pass (remove unused cells and wires).
Finding unused cells or wires in module \router_mesh..

3.11.4. Finished fast OPT passes.

3.12. Printing statistics.

=== router_mesh ===

   Number of wires:                 20
   Number of wire bits:          21254
   Number of public wires:          20
   Number of public wire bits:   21254
   Number of ports:                 14
   Number of port bits:          10694
   Number of memories:               0
   Number of memory bits:            0
   Number of processes:              0
   Number of cells:                  0

3.13. Executing CHECK pass (checking for obvious problems).
Checking module router_mesh...
Warning: Wire router_mesh.\ext_valid_out is used but has no driver.
Warning: Wire router_mesh.\ext_ready_out is used but has no driver.
Warning: Wire router_mesh.\ext_flit_out [63] is used but has no driver.
Warning: Wire router_mesh.\ext_flit_out [62] is used but has no driver.
Warning: Wire router_mesh.\ext_flit_out [61] is used but has no driver.
Warning: Wire router_mesh.\ext_flit_out [60] is used but has no driver.
Warning: Wire router_mesh.\ext_flit_out [59] is used but has no driver.
Warning: Wire router_mesh.\ext_flit_out [58] is used but has no driver.
Warning: Wire router_mesh.\ext_flit_out [57] is used but has no driver.
Warning: Wire router_mesh.\ext_flit_out [56] is used but has no driver.
Warning: Wire router_mesh.\ext_flit_out [55] is used but has no driver.
Warning: Wire router_mesh.\ext_flit_out [54] is used but has no driver.
Warning: Wire router_mesh.\ext_flit_out [53] is used but has no driver.
Warning: Wire router_mesh.\ext_flit_out [52] is used but has no driver.
Warning: Wire router_mesh.\ext_flit_out [51] is used but has no driver.
Warning: Wire router_mesh.\ext_flit_out [50] is used but has no driver.
Warning: Wire router_mesh.\ext_flit_out [49] is used but has no driver.
Warning: Wire router_mesh.\ext_flit_out [48] is used but has no driver.
Warning: Wire router_mesh.\ext_flit_out [47] is used but has no driver.
Warning: Wire router_mesh.\ext_flit_out [46] is used but has no driver.
Warning: Wire router_mesh.\ext_flit_out [45] is used but has no driver.
Warning: Wire router_mesh.\ext_flit_out [44] is used but has no driver.
Warning: Wire router_mesh.\ext_flit_out [43] is used but has no driver.
Warning: Wire router_mesh.\ext_flit_out [42] is used but has no driver.
Warning: Wire router_mesh.\ext_flit_out [41] is used but has no driver.
Warning: Wire router_mesh.\ext_flit_out [40] is used but has no driver.
Warning: Wire router_mesh.\ext_flit_out [39] is used but has no driver.
Warning: Wire router_mesh.\ext_flit_out [38] is used but has no driver.
Warning: Wire router_mesh.\ext_flit_out [37] is used but has no driver.
Warning: Wire router_mesh.\ext_flit_out [36] is used but has no driver.
Warning: Wire router_mesh.\ext_flit_out [35] is used but has no driver.
Warning: Wire router_mesh.\ext_flit_out [34] is used but has no driver.
Warning: Wire router_mesh.\ext_flit_out [33] is used but has no driver.
Warning: Wire router_mesh.\ext_flit_out [32] is used but has no driver.
Warning: Wire router_mesh.\ext_flit_out [31] is used but has no driver.
Warning: Wire router_mesh.\ext_flit_out [30] is used but has no driver.
Warning: Wire router_mesh.\ext_flit_out [29] is used but has no driver.
Warning: Wire router_mesh.\ext_flit_out [28] is used but has no driver.
Warning: Wire router_mesh.\ext_flit_out [27] is used but has no driver.
Warning: Wire router_mesh.\ext_flit_out [26] is used but has no driver.
Warning: Wire router_mesh.\ext_flit_out [25] is used but has no driver.
Warning: Wire router_mesh.\ext_flit_out [24] is used but has no driver.
Warning: Wire router_mesh.\ext_flit_out [23] is used but has no driver.
Warning: Wire router_mesh.\ext_flit_out [22] is used but has no driver.
Warning: Wire router_mesh.\ext_flit_out [21] is used but has no driver.
Warning: Wire router_mesh.\ext_flit_out [20] is used but has no driver.
Warning: Wire router_mesh.\ext_flit_out [19] is used but has no driver.
Warning: Wire router_mesh.\ext_flit_out [18] is used but has no driver.
Warning: Wire router_mesh.\ext_flit_out [17] is used but has no driver.
Warning: Wire router_mesh.\ext_flit_out [16] is used but has no driver.
Warning: Wire router_mesh.\ext_flit_out [15] is used but has no driver.
Warning: Wire router_mesh.\ext_flit_out [14] is used but has no driver.
Warning: Wire router_mesh.\ext_flit_out [13] is used but has no driver.
Warning: Wire router_mesh.\ext_flit_out [12] is used but has no driver.
Warning: Wire router_mesh.\ext_flit_out [11] is used but has no driver.
Warning: Wire router_mesh.\ext_flit_out [10] is used but has no driver.
Warning: Wire router_mesh.\ext_flit_out [9] is used but has no driver.
Warning: Wire router_mesh.\ext_flit_out [8] is used but has no driver.
Warning: Wire router_mesh.\ext_flit_out [7] is used but has no driver.
Warning: Wire router_mesh.\ext_flit_out [6] is used but has no driver.
Warning: Wire router_mesh.\ext_flit_out [5] is used but has no driver.
Warning: Wire router_mesh.\ext_flit_out [4] is used but has no driver.
Warning: Wire router_mesh.\ext_flit_out [3] is used but has no driver.
Warning: Wire router_mesh.\ext_flit_out [2] is used but has no driver.
Warning: Wire router_mesh.\ext_flit_out [1] is used but has no driver.
Warning: Wire router_mesh.\ext_flit_out [0] is used but has no driver.
Found and reported 66 problems.

4. Executing HIERARCHY pass (managing design hierarchy).
Attribute `top' found on module `router_mesh'. Setting top module to router_mesh.

4.1. Analyzing design hierarchy..
Top module:  \router_mesh

4.2. Analyzing design hierarchy..
Top module:  \router_mesh
Removed 0 unused modules.

5. Executing jny backend.

6. Executing RTLIL backend.
Output filename: ../model/design.il

Warnings: 66 unique messages, 132 total
End of script. Logfile hash: 4804145411, CPU: user 0.13s system 0.03s, MEM: 16.85 MB peak
Yosys 0.55+112 (git sha1 bf9aaac0f, clang++ 18.1.3 -fPIC -O3)
Time spent: 40% 4x opt_clean (0 sec), 31% 3x read_verilog (0 sec), ...
