
 /----------------------------------------------------------------------------\
 |  yosys -- Yosys Open SYnthesis Suite                                       |
 |  Copyright (C) 2012 - 2025  Claire Xenia Wolf <claire@yosyshq.com>         |
 |  Distributed under an ISC-like license, type "license" to see terms        |
 \----------------------------------------------------------------------------/
 Yosys 0.55+112 (git sha1 bf9aaac0f, clang++ 18.1.3 -fPIC -O3)

-- Executing script file `/home/bandhan/Documents/BP core/VS CODE/phase4_week2/scripts/gate_synthesis_full_gate_synth_20250814_021126.ys' --

1. Executing Verilog-2005 frontend: /home/bandhan/Documents/BP core/VS CODE/phase4_week2/netlists/neuraedge_top_synth.v
Parsing Verilog input from `/home/bandhan/Documents/BP core/VS CODE/phase4_week2/netlists/neuraedge_top_synth.v' to AST representation.
Generating RTLIL representation for module `\neuraedge_top'.
Successfully finished Verilog frontend.

2. Executing Verilog-2005 frontend: /home/bandhan/Documents/BP core/VS CODE/rtl/tile/neuraedge_tile.v
Parsing Verilog input from `/home/bandhan/Documents/BP core/VS CODE/rtl/tile/neuraedge_tile.v' to AST representation.
Generating RTLIL representation for module `\neuraedge_tile'.
Warning: reg '\flit_out_0' is assigned in a continuous assignment at /home/bandhan/Documents/BP core/VS CODE/rtl/tile/neuraedge_tile.v:119.12-119.62.
Warning: reg '\valid_out_0' is assigned in a continuous assignment at /home/bandhan/Documents/BP core/VS CODE/rtl/tile/neuraedge_tile.v:120.12-120.56.
Warning: reg '\ready_out_0' is assigned in a continuous assignment at /home/bandhan/Documents/BP core/VS CODE/rtl/tile/neuraedge_tile.v:121.12-121.30.
Warning: reg '\flit_out_2' is assigned in a continuous assignment at /home/bandhan/Documents/BP core/VS CODE/rtl/tile/neuraedge_tile.v:177.12-177.34.
Warning: reg '\flit_out_3' is assigned in a continuous assignment at /home/bandhan/Documents/BP core/VS CODE/rtl/tile/neuraedge_tile.v:178.12-178.34.
Warning: reg '\flit_out_4' is assigned in a continuous assignment at /home/bandhan/Documents/BP core/VS CODE/rtl/tile/neuraedge_tile.v:179.12-179.34.
Warning: reg '\valid_out_2' is assigned in a continuous assignment at /home/bandhan/Documents/BP core/VS CODE/rtl/tile/neuraedge_tile.v:181.12-181.36.
Warning: reg '\valid_out_3' is assigned in a continuous assignment at /home/bandhan/Documents/BP core/VS CODE/rtl/tile/neuraedge_tile.v:182.12-182.36.
Warning: reg '\valid_out_4' is assigned in a continuous assignment at /home/bandhan/Documents/BP core/VS CODE/rtl/tile/neuraedge_tile.v:183.12-183.36.
Warning: reg '\ready_out_2' is assigned in a continuous assignment at /home/bandhan/Documents/BP core/VS CODE/rtl/tile/neuraedge_tile.v:185.12-185.36.
Warning: reg '\ready_out_3' is assigned in a continuous assignment at /home/bandhan/Documents/BP core/VS CODE/rtl/tile/neuraedge_tile.v:186.12-186.36.
Warning: reg '\ready_out_4' is assigned in a continuous assignment at /home/bandhan/Documents/BP core/VS CODE/rtl/tile/neuraedge_tile.v:187.12-187.36.
Successfully finished Verilog frontend.

3. Executing Verilog-2005 frontend: /home/bandhan/Documents/BP core/VS CODE/rtl/tile/tile_controller.v
Parsing Verilog input from `/home/bandhan/Documents/BP core/VS CODE/rtl/tile/tile_controller.v' to AST representation.
Generating RTLIL representation for module `\tile_controller'.
Successfully finished Verilog frontend.

4. Executing Verilog-2005 frontend: /home/bandhan/Documents/BP core/VS CODE/rtl/tile/tile_memory.v
Parsing Verilog input from `/home/bandhan/Documents/BP core/VS CODE/rtl/tile/tile_memory.v' to AST representation.
Generating RTLIL representation for module `\tile_memory'.
Successfully finished Verilog frontend.

5. Executing Verilog-2005 frontend: /home/bandhan/Documents/BP core/VS CODE/rtl/pe/neuraedge_pe.v
Parsing Verilog input from `/home/bandhan/Documents/BP core/VS CODE/rtl/pe/neuraedge_pe.v' to AST representation.
Generating RTLIL representation for module `\neuraedge_pe'.
Successfully finished Verilog frontend.

6. Executing Verilog-2005 frontend: /home/bandhan/Documents/BP core/VS CODE/rtl/noc/noc_router.v
/home/bandhan/Documents/BP core/VS CODE/rtl/noc/noc_router.v:8: ERROR: syntax error, unexpected TOK_ID, expecting ',' or '=' or ')'
